<?xml version="1.0" encoding="UTF-8"?>
<coverage generated="1756744086055" clover="3.2.0">
  <project timestamp="1756744086055" name="All files">
    <metrics statements="6" coveredstatements="6" conditionals="4" coveredconditionals="4" methods="1" coveredmethods="1" elements="11" coveredelements="11" complexity="0" loc="6" ncloc="6" packages="1" files="1" classes="1"/>
    <file name="helpers.js" path="C:\Users\DXHubAWS\proof-of-scoville\lib\helpers.js">
      <metrics statements="6" coveredstatements="6" conditionals="4" coveredconditionals="4" methods="1" coveredmethods="1"/>
      <line num="10" count="16" type="cond" truecount="4" falsecount="0"/>
      <line num="11" count="5" type="stmt"/>
      <line num="13" count="11" type="stmt"/>
      <line num="14" count="11" type="stmt"/>
      <line num="15" count="6" type="stmt"/>
      <line num="17" count="5" type="stmt"/>
    </file>
  </project>
</coverage>
