{"C:\\Users\\DXHubAWS\\proof-of-scoville\\lib\\helpers.js": {"path":"C:\\Users\\DXHubAWS\\proof-of-scoville\\lib\\helpers.js","statementMap":{"0":{"start":{"line":10,"column":2},"end":{"line":12,"column":3}},"1":{"start":{"line":11,"column":4},"end":{"line":11,"column":17}},"2":{"start":{"line":13,"column":2},"end":{"line":18,"column":3}},"3":{"start":{"line":14,"column":22},"end":{"line":14,"column":34}},"4":{"start":{"line":15,"column":4},"end":{"line":15,"column":60}},"5":{"start":{"line":17,"column":4},"end":{"line":17,"column":17}}},"fnMap":{"0":{"name":"validateUrl","decl":{"start":{"line":9,"column":16},"end":{"line":9,"column":27}},"loc":{"start":{"line":9,"column":33},"end":{"line":19,"column":1}},"line":9}},"branchMap":{"0":{"loc":{"start":{"line":10,"column":2},"end":{"line":12,"column":3}},"type":"if","locations":[{"start":{"line":10,"column":2},"end":{"line":12,"column":3}},{"start":{},"end":{}}],"line":10},"1":{"loc":{"start":{"line":10,"column":6},"end":{"line":10,"column":51}},"type":"binary-expr","locations":[{"start":{"line":10,"column":6},"end":{"line":10,"column":29}},{"start":{"line":10,"column":33},"end":{"line":10,"column":51}}],"line":10}},"s":{"0":16,"1":5,"2":11,"3":11,"4":6,"5":5},"f":{"0":16},"b":{"0":[5,11],"1":[16,11]},"_coverageSchema":"1a1c01bbd47fc00a2c39e90264f33305004495a9","hash":"327be94beaebeadc4c478efd1e5c5e0f7f789bec"}
}
